0 info it worked if it ends with ok
1 verbose cli [ '/usr/local/bin/node',
1 verbose cli   '/usr/local/bin/npm',
1 verbose cli   'install',
1 verbose cli   'children_process' ]
2 info using npm@2.14.12
3 info using node@v4.2.4
4 verbose install initial load of /home/ufei/workspace/demoChildrenProcess/package.json
5 verbose readDependencies loading dependencies from /home/ufei/workspace/demoChildrenProcess/package.json
6 silly cache add args [ 'children_process', null ]
7 verbose cache add spec children_process
8 silly cache add parsed spec Result {
8 silly cache add   raw: 'children_process',
8 silly cache add   scope: null,
8 silly cache add   name: 'children_process',
8 silly cache add   rawSpec: '',
8 silly cache add   spec: 'latest',
8 silly cache add   type: 'tag' }
9 silly addNamed children_process@latest
10 verbose addNamed "latest" is being treated as a dist-tag for children_process
11 info addNameTag [ 'children_process', 'latest' ]
12 silly mapToRegistry name children_process
13 silly mapToRegistry using default registry
14 silly mapToRegistry registry https://registry.npmjs.org/
15 silly mapToRegistry uri https://registry.npmjs.org/children_process
16 verbose addNameTag registry:https://registry.npmjs.org/children_process not in flight; fetching
17 verbose request uri https://registry.npmjs.org/children_process
18 verbose request no auth needed
19 info attempt registry request try #1 at 20:59:49
20 verbose request id 4b5d45ff122de795
21 http request GET https://registry.npmjs.org/children_process
22 http 404 https://registry.npmjs.org/children_process
23 verbose headers { 'content-type': 'application/json',
23 verbose headers   'cache-control': 'max-age=0',
23 verbose headers   'content-length': '2',
23 verbose headers   'accept-ranges': 'bytes',
23 verbose headers   date: 'Sun, 27 Dec 2015 12:59:49 GMT',
23 verbose headers   via: '1.1 varnish',
23 verbose headers   age: '0',
23 verbose headers   connection: 'keep-alive',
23 verbose headers   'x-served-by': 'cache-sjc3128-SJC',
23 verbose headers   'x-cache': 'MISS',
23 verbose headers   'x-cache-hits': '0',
23 verbose headers   'x-timer': 'S1451221189.638439,VS0,VE87' }
24 silly get cb [ 404,
24 silly get   { 'content-type': 'application/json',
24 silly get     'cache-control': 'max-age=0',
24 silly get     'content-length': '2',
24 silly get     'accept-ranges': 'bytes',
24 silly get     date: 'Sun, 27 Dec 2015 12:59:49 GMT',
24 silly get     via: '1.1 varnish',
24 silly get     age: '0',
24 silly get     connection: 'keep-alive',
24 silly get     'x-served-by': 'cache-sjc3128-SJC',
24 silly get     'x-cache': 'MISS',
24 silly get     'x-cache-hits': '0',
24 silly get     'x-timer': 'S1451221189.638439,VS0,VE87' } ]
25 verbose stack Error: Registry returned 404 for GET on https://registry.npmjs.org/children_process
25 verbose stack     at makeError (/usr/local/lib/node_modules/npm/node_modules/npm-registry-client/lib/request.js:264:12)
25 verbose stack     at CachingRegistryClient.<anonymous> (/usr/local/lib/node_modules/npm/node_modules/npm-registry-client/lib/request.js:242:14)
25 verbose stack     at Request._callback (/usr/local/lib/node_modules/npm/node_modules/npm-registry-client/lib/request.js:172:14)
25 verbose stack     at Request.self.callback (/usr/local/lib/node_modules/npm/node_modules/request/request.js:198:22)
25 verbose stack     at emitTwo (events.js:87:13)
25 verbose stack     at Request.emit (events.js:172:7)
25 verbose stack     at Request.<anonymous> (/usr/local/lib/node_modules/npm/node_modules/request/request.js:1082:10)
25 verbose stack     at emitOne (events.js:82:20)
25 verbose stack     at Request.emit (events.js:169:7)
25 verbose stack     at IncomingMessage.<anonymous> (/usr/local/lib/node_modules/npm/node_modules/request/request.js:1009:12)
26 verbose statusCode 404
27 verbose pkgid children_process
28 verbose cwd /home/ufei/workspace/demoChildrenProcess
29 error Linux 3.19.0-25-generic
30 error argv "/usr/local/bin/node" "/usr/local/bin/npm" "install" "children_process"
31 error node v4.2.4
32 error npm  v2.14.12
33 error code E404
34 error 404 Registry returned 404 for GET on https://registry.npmjs.org/children_process
34 error 404
34 error 404 'children_process' is not in the npm registry.
34 error 404 You should bug the author to publish it (or use the name yourself!)
34 error 404
34 error 404 Note that you can also install from a
34 error 404 tarball, folder, http url, or git url.
35 verbose exit [ 1, true ]
